<?xml version="1.0" encoding="UTF-8"?>
<testng-results ignored="0" total="1" passed="1" failed="0" skipped="0">
  <reporter-output>
  </reporter-output>
  <suite started-at="2021-01-04T21:32:26 ART" name="Default suite" finished-at="2021-01-04T21:32:30 ART" duration-ms="3790">
    <groups>
    </groups>
    <test started-at="2021-01-04T21:32:26 ART" name="Default test" finished-at="2021-01-04T21:32:30 ART" duration-ms="3790">
      <class name="com.solvd.projectUnicen.FooterTest">
        <test-method signature="testFooterText()[pri:0, instance:com.solvd.projectUnicen.FooterTest@64920dc2]" started-at="2021-01-04T21:32:26 ART" name="testFooterText" finished-at="2021-01-04T21:32:30 ART" duration-ms="3617" status="PASS">
          <reporter-output>
          </reporter-output>
        </test-method> <!-- testFooterText -->
      </class> <!-- com.solvd.projectUnicen.FooterTest -->
    </test> <!-- Default test -->
  </suite> <!-- Default suite -->
</testng-results>
