<?xml version="1.0" encoding="UTF-8"?>
<testng-results ignored="0" total="1" passed="1" failed="0" skipped="0">
  <reporter-output>
  </reporter-output>
  <suite started-at="2021-01-04T15:18:42 ART" name="Default suite" finished-at="2021-01-04T15:18:46 ART" duration-ms="4826">
    <groups>
    </groups>
    <test started-at="2021-01-04T15:18:42 ART" name="Default test" finished-at="2021-01-04T15:18:46 ART" duration-ms="4826">
      <class name="com.projectUnicen.HeaderTest">
        <test-method signature="testHeaderText()[pri:0, instance:com.projectUnicen.HeaderTest@64920dc2]" started-at="2021-01-04T15:18:42 ART" name="testHeaderText" finished-at="2021-01-04T15:18:46 ART" duration-ms="4667" status="PASS">
          <reporter-output>
          </reporter-output>
        </test-method> <!-- testHeaderText -->
      </class> <!-- com.projectUnicen.HeaderTest -->
    </test> <!-- Default test -->
  </suite> <!-- Default suite -->
</testng-results>
